<?xml version="1.0" encoding="UTF-8"?>
<testng-results ignored="0" total="10" passed="9" failed="1" skipped="0">
  <reporter-output>
  </reporter-output>
  <suite started-at="2021-06-05T05:43:32Z" name="Automation Test Suite" finished-at="2021-06-05T05:44:21Z" duration-ms="49564">
    <groups>
    </groups>
    <test started-at="2021-06-05T05:43:32Z" name="Automation Test cases" finished-at="2021-06-05T05:44:21Z" duration-ms="49564">
      <class name="com.bd.test.test.ConfirmationPageTest">
        <test-method is-config="true" signature="setup()[pri:0, instance:com.bd.test.test.ConfirmationPageTest@33c911a1]" started-at="2021-06-05T05:44:03Z" name="setup" finished-at="2021-06-05T05:44:07Z" duration-ms="3977" status="PASS">
          <reporter-output>
          </reporter-output>
        </test-method> <!-- setup -->
        <test-method signature="TitleTest()[pri:0, instance:com.bd.test.test.ConfirmationPageTest@33c911a1]" started-at="2021-06-05T05:44:07Z" name="TitleTest" finished-at="2021-06-05T05:44:07Z" duration-ms="7" status="PASS">
          <reporter-output>
          </reporter-output>
        </test-method> <!-- TitleTest -->
        <test-method is-config="true" signature="QuitBrowser()[pri:0, instance:com.bd.test.test.ConfirmationPageTest@33c911a1]" started-at="2021-06-05T05:44:07Z" name="QuitBrowser" finished-at="2021-06-05T05:44:07Z" duration-ms="185" status="PASS">
          <reporter-output>
          </reporter-output>
        </test-method> <!-- QuitBrowser -->
        <test-method is-config="true" signature="setup()[pri:0, instance:com.bd.test.test.ConfirmationPageTest@33c911a1]" started-at="2021-06-05T05:44:07Z" name="setup" finished-at="2021-06-05T05:44:12Z" duration-ms="4963" status="PASS">
          <reporter-output>
          </reporter-output>
        </test-method> <!-- setup -->
        <test-method signature="getConfirmationId()[pri:0, instance:com.bd.test.test.ConfirmationPageTest@33c911a1]" started-at="2021-06-05T05:44:12Z" name="getConfirmationId" finished-at="2021-06-05T05:44:12Z" duration-ms="25" status="PASS">
          <reporter-output>
          </reporter-output>
        </test-method> <!-- getConfirmationId -->
        <test-method is-config="true" signature="QuitBrowser()[pri:0, instance:com.bd.test.test.ConfirmationPageTest@33c911a1]" started-at="2021-06-05T05:44:12Z" name="QuitBrowser" finished-at="2021-06-05T05:44:12Z" duration-ms="223" status="PASS">
          <reporter-output>
          </reporter-output>
        </test-method> <!-- QuitBrowser -->
        <test-method is-config="true" signature="setup()[pri:0, instance:com.bd.test.test.ConfirmationPageTest@33c911a1]" started-at="2021-06-05T05:44:12Z" name="setup" finished-at="2021-06-05T05:44:16Z" duration-ms="3888" status="PASS">
          <reporter-output>
          </reporter-output>
        </test-method> <!-- setup -->
        <test-method signature="verifyFinalAmountcollected()[pri:0, instance:com.bd.test.test.ConfirmationPageTest@33c911a1]" started-at="2021-06-05T05:44:16Z" name="verifyFinalAmountcollected" finished-at="2021-06-05T05:44:21Z" duration-ms="5202" status="FAIL">
          <exception class="java.lang.AssertionError">
            <message>
              <![CDATA[expected [true] but found [false]]]>
            </message>
            <full-stacktrace>
              <![CDATA[java.lang.AssertionError: expected [true] but found [false]
at org.testng.Assert.fail(Assert.java:96)
at org.testng.Assert.failNotEquals(Assert.java:776)
at org.testng.Assert.assertTrue(Assert.java:44)
at org.testng.Assert.assertTrue(Assert.java:54)
at com.bd.test.test.ConfirmationPageTest.verifyFinalAmountcollected(ConfirmationPageTest.java:58)
at java.base/jdk.internal.reflect.NativeMethodAccessorImpl.invoke0(Native Method)
at java.base/jdk.internal.reflect.NativeMethodAccessorImpl.invoke(NativeMethodAccessorImpl.java:78)
at java.base/jdk.internal.reflect.DelegatingMethodAccessorImpl.invoke(DelegatingMethodAccessorImpl.java:43)
at java.base/java.lang.reflect.Method.invoke(Method.java:567)
at org.testng.internal.MethodInvocationHelper.invokeMethod(MethodInvocationHelper.java:124)
at org.testng.internal.Invoker.invokeMethod(Invoker.java:583)
at org.testng.internal.Invoker.invokeTestMethod(Invoker.java:719)
at org.testng.internal.Invoker.invokeTestMethods(Invoker.java:989)
at org.testng.internal.TestMethodWorker.invokeTestMethods(TestMethodWorker.java:125)
at org.testng.internal.TestMethodWorker.run(TestMethodWorker.java:109)
at org.testng.TestRunner.privateRun(TestRunner.java:648)
at org.testng.TestRunner.run(TestRunner.java:505)
at org.testng.SuiteRunner.runTest(SuiteRunner.java:455)
at org.testng.SuiteRunner.runSequentially(SuiteRunner.java:450)
at org.testng.SuiteRunner.privateRun(SuiteRunner.java:415)
at org.testng.SuiteRunner.run(SuiteRunner.java:364)
at org.testng.SuiteRunnerWorker.runSuite(SuiteRunnerWorker.java:52)
at org.testng.SuiteRunnerWorker.run(SuiteRunnerWorker.java:84)
at org.testng.TestNG.runSuitesSequentially(TestNG.java:1208)
at org.testng.TestNG.runSuitesLocally(TestNG.java:1137)
at org.testng.TestNG.runSuites(TestNG.java:1049)
at org.testng.TestNG.run(TestNG.java:1017)
at org.testng.remote.AbstractRemoteTestNG.run(AbstractRemoteTestNG.java:132)
at org.testng.remote.RemoteTestNG.initAndRun(RemoteTestNG.java:236)
at org.testng.remote.RemoteTestNG.main(RemoteTestNG.java:81)
]]>
            </full-stacktrace>
          </exception> <!-- java.lang.AssertionError -->
          <reporter-output>
          </reporter-output>
        </test-method> <!-- verifyFinalAmountcollected -->
        <test-method is-config="true" signature="QuitBrowser()[pri:0, instance:com.bd.test.test.ConfirmationPageTest@33c911a1]" started-at="2021-06-05T05:44:21Z" name="QuitBrowser" finished-at="2021-06-05T05:44:21Z" duration-ms="162" status="PASS">
          <reporter-output>
          </reporter-output>
        </test-method> <!-- QuitBrowser -->
      </class> <!-- com.bd.test.test.ConfirmationPageTest -->
      <class name="com.bd.test.test.WelcomePageTest">
        <test-method is-config="true" signature="SetUp()[pri:0, instance:com.bd.test.test.WelcomePageTest@4961f6af]" started-at="2021-06-05T05:43:32Z" name="SetUp" finished-at="2021-06-05T05:43:36Z" duration-ms="3881" status="PASS">
          <reporter-output>
          </reporter-output>
        </test-method> <!-- SetUp -->
        <test-method signature="SelectCities()[pri:0, instance:com.bd.test.test.WelcomePageTest@4961f6af]" started-at="2021-06-05T05:43:36Z" name="SelectCities" finished-at="2021-06-05T05:43:36Z" duration-ms="716" status="PASS">
          <reporter-output>
          </reporter-output>
        </test-method> <!-- SelectCities -->
        <test-method is-config="true" signature="QuitBrowser()[pri:0, instance:com.bd.test.test.WelcomePageTest@4961f6af]" started-at="2021-06-05T05:43:36Z" name="QuitBrowser" finished-at="2021-06-05T05:43:37Z" duration-ms="161" status="PASS">
          <reporter-output>
          </reporter-output>
        </test-method> <!-- QuitBrowser -->
        <test-method is-config="true" signature="SetUp()[pri:0, instance:com.bd.test.test.WelcomePageTest@4961f6af]" started-at="2021-06-05T05:43:37Z" name="SetUp" finished-at="2021-06-05T05:43:39Z" duration-ms="2543" status="PASS">
          <reporter-output>
          </reporter-output>
        </test-method> <!-- SetUp -->
        <test-method signature="TitleTest()[pri:0, instance:com.bd.test.test.WelcomePageTest@4961f6af]" started-at="2021-06-05T05:43:39Z" name="TitleTest" finished-at="2021-06-05T05:43:39Z" duration-ms="6" status="PASS">
          <reporter-output>
          </reporter-output>
        </test-method> <!-- TitleTest -->
        <test-method is-config="true" signature="QuitBrowser()[pri:0, instance:com.bd.test.test.WelcomePageTest@4961f6af]" started-at="2021-06-05T05:43:39Z" name="QuitBrowser" finished-at="2021-06-05T05:43:40Z" duration-ms="710" status="PASS">
          <reporter-output>
          </reporter-output>
        </test-method> <!-- QuitBrowser -->
      </class> <!-- com.bd.test.test.WelcomePageTest -->
      <class name="com.bd.test.test.ReservePageTest">
        <test-method is-config="true" signature="setup()[pri:0, instance:com.bd.test.test.ReservePageTest@5aebe890]" started-at="2021-06-05T05:43:40Z" name="setup" finished-at="2021-06-05T05:43:43Z" duration-ms="3520" status="PASS">
          <reporter-output>
          </reporter-output>
        </test-method> <!-- setup -->
        <test-method signature="reserveFlight()[pri:0, instance:com.bd.test.test.ReservePageTest@5aebe890]" started-at="2021-06-05T05:43:43Z" name="reserveFlight" finished-at="2021-06-05T05:43:44Z" duration-ms="493" status="PASS">
          <reporter-output>
          </reporter-output>
        </test-method> <!-- reserveFlight -->
        <test-method is-config="true" signature="QuitBrowser()[pri:0, instance:com.bd.test.test.ReservePageTest@5aebe890]" started-at="2021-06-05T05:43:44Z" name="QuitBrowser" finished-at="2021-06-05T05:43:44Z" duration-ms="183" status="PASS">
          <reporter-output>
          </reporter-output>
        </test-method> <!-- QuitBrowser -->
        <test-method is-config="true" signature="setup()[pri:0, instance:com.bd.test.test.ReservePageTest@5aebe890]" started-at="2021-06-05T05:43:44Z" name="setup" finished-at="2021-06-05T05:43:48Z" duration-ms="3423" status="PASS">
          <reporter-output>
          </reporter-output>
        </test-method> <!-- setup -->
        <test-method signature="verifyArrivesCity()[pri:0, instance:com.bd.test.test.ReservePageTest@5aebe890]" started-at="2021-06-05T05:43:48Z" name="verifyArrivesCity" finished-at="2021-06-05T05:43:48Z" duration-ms="27" status="PASS">
          <reporter-output>
          </reporter-output>
        </test-method> <!-- verifyArrivesCity -->
        <test-method is-config="true" signature="QuitBrowser()[pri:0, instance:com.bd.test.test.ReservePageTest@5aebe890]" started-at="2021-06-05T05:43:48Z" name="QuitBrowser" finished-at="2021-06-05T05:43:48Z" duration-ms="407" status="PASS">
          <reporter-output>
          </reporter-output>
        </test-method> <!-- QuitBrowser -->
        <test-method is-config="true" signature="setup()[pri:0, instance:com.bd.test.test.ReservePageTest@5aebe890]" started-at="2021-06-05T05:43:48Z" name="setup" finished-at="2021-06-05T05:43:51Z" duration-ms="3515" status="PASS">
          <reporter-output>
          </reporter-output>
        </test-method> <!-- setup -->
        <test-method signature="verifyDepartCity()[pri:0, instance:com.bd.test.test.ReservePageTest@5aebe890]" started-at="2021-06-05T05:43:51Z" name="verifyDepartCity" finished-at="2021-06-05T05:43:52Z" duration-ms="31" status="PASS">
          <reporter-output>
          </reporter-output>
        </test-method> <!-- verifyDepartCity -->
        <test-method is-config="true" signature="QuitBrowser()[pri:0, instance:com.bd.test.test.ReservePageTest@5aebe890]" started-at="2021-06-05T05:43:52Z" name="QuitBrowser" finished-at="2021-06-05T05:43:52Z" duration-ms="146" status="PASS">
          <reporter-output>
          </reporter-output>
        </test-method> <!-- QuitBrowser -->
      </class> <!-- com.bd.test.test.ReservePageTest -->
      <class name="com.bd.test.test.PurchasePageTest">
        <test-method is-config="true" signature="setup()[pri:0, instance:com.bd.test.test.PurchasePageTest@65d09a04]" started-at="2021-06-05T05:43:52Z" name="setup" finished-at="2021-06-05T05:43:56Z" duration-ms="4610" status="PASS">
          <reporter-output>
          </reporter-output>
        </test-method> <!-- setup -->
        <test-method signature="TitleTest()[pri:0, instance:com.bd.test.test.PurchasePageTest@65d09a04]" started-at="2021-06-05T05:43:56Z" name="TitleTest" finished-at="2021-06-05T05:43:56Z" duration-ms="7" status="PASS">
          <reporter-output>
          </reporter-output>
        </test-method> <!-- TitleTest -->
        <test-method is-config="true" signature="QuitBrowser()[pri:0, instance:com.bd.test.test.PurchasePageTest@65d09a04]" started-at="2021-06-05T05:43:56Z" name="QuitBrowser" finished-at="2021-06-05T05:43:56Z" duration-ms="129" status="PASS">
          <reporter-output>
          </reporter-output>
        </test-method> <!-- QuitBrowser -->
        <test-method is-config="true" signature="setup()[pri:0, instance:com.bd.test.test.PurchasePageTest@65d09a04]" started-at="2021-06-05T05:43:56Z" name="setup" finished-at="2021-06-05T05:44:02Z" duration-ms="5318" status="PASS">
          <reporter-output>
          </reporter-output>
        </test-method> <!-- setup -->
        <test-method signature="purchaseFlight()[pri:0, instance:com.bd.test.test.PurchasePageTest@65d09a04]" started-at="2021-06-05T05:44:02Z" name="purchaseFlight" finished-at="2021-06-05T05:44:03Z" duration-ms="930" status="PASS">
          <reporter-output>
          </reporter-output>
        </test-method> <!-- purchaseFlight -->
        <test-method is-config="true" signature="QuitBrowser()[pri:0, instance:com.bd.test.test.PurchasePageTest@65d09a04]" started-at="2021-06-05T05:44:03Z" name="QuitBrowser" finished-at="2021-06-05T05:44:03Z" duration-ms="136" status="PASS">
          <reporter-output>
          </reporter-output>
        </test-method> <!-- QuitBrowser -->
      </class> <!-- com.bd.test.test.PurchasePageTest -->
    </test> <!-- Automation Test cases -->
  </suite> <!-- Automation Test Suite -->
</testng-results>
