<?xml version="1.0" encoding="UTF-8"?>
<!-- Generated by org.testng.reporters.JUnitXMLReporter -->
<testsuite ignored="0" hostname="BLRL102360" failures="1" tests="10" name="Automation Test cases" time="49.564" errors="0" timestamp="05 Jun 2021 05:44:21 GMT">
  <testcase classname="com.bd.test.test.WelcomePageTest" name="SelectCities" time="0.716"/>
  <testcase classname="com.bd.test.test.WelcomePageTest" name="TitleTest" time="0.006"/>
  <testcase classname="com.bd.test.test.ReservePageTest" name="reserveFlight" time="0.493"/>
  <testcase classname="com.bd.test.test.ReservePageTest" name="verifyArrivesCity" time="0.027"/>
  <testcase classname="com.bd.test.test.ReservePageTest" name="verifyDepartCity" time="0.031"/>
  <testcase classname="com.bd.test.test.PurchasePageTest" name="TitleTest" time="0.007"/>
  <testcase classname="com.bd.test.test.PurchasePageTest" name="purchaseFlight" time="0.93"/>
  <testcase classname="com.bd.test.test.ConfirmationPageTest" name="TitleTest" time="0.007"/>
  <testcase classname="com.bd.test.test.ConfirmationPageTest" name="getConfirmationId" time="0.025"/>
  <testcase classname="com.bd.test.test.ConfirmationPageTest" name="verifyFinalAmountcollected" time="5.202">
    <failure type="java.lang.AssertionError" message="expected [true] but found [false]">
      <![CDATA[java.lang.AssertionError: expected [true] but found [false]
at com.bd.test.test.ConfirmationPageTest.verifyFinalAmountcollected(ConfirmationPageTest.java:58)
... Removed 29 stack frames]]>
    </failure>
  </testcase> <!-- verifyFinalAmountcollected -->
</testsuite> <!-- Automation Test cases -->
